This file contains any messages produced by compilers while
running configure, to aid debugging if configure makes a mistake.

It was created by FreeType configure 2.8, which was
generated by GNU Autoconf 2.69.  Invocation command line was

  $ ./configure --prefix=/home/hah/Downloads/freetype-2.8/build/install --host=arm-linux-gnueabi --with-zlib=yes --with-bzip2=no --with-png=no --with-harfbuzz=no CFLAGS=-I/home/hah/Downloads/zlib-1.2.11/build/install/include LDFLAGS=-L/home/hah/Downloads/zlib-1.2.11/build/install/lib

## --------- ##
## Platform. ##
## --------- ##

hostname = hah-virtual-machine
uname -m = x86_64
uname -r = 5.15.0-88-generic
uname -s = Linux
uname -v = #98~20.04.1-Ubuntu SMP Mon Oct 9 16:43:45 UTC 2023

/usr/bin/uname -p = x86_64
/bin/uname -X     = unknown

/bin/arch              = x86_64
/usr/bin/arch -k       = unknown
/usr/convex/getsysinfo = unknown
/usr/bin/hostinfo      = unknown
/bin/machine           = unknown
/usr/bin/oslevel       = unknown
/bin/universe          = unknown

PATH: /opt/ros/noetic/bin
PATH: /usr/local/sbin
PATH: /usr/local/bin
PATH: /usr/sbin
PATH: /usr/bin
PATH: /sbin
PATH: /bin
PATH: /usr/games
PATH: /usr/local/games
PATH: /snap/bin
PATH: /usr/local/arm/gcc-linaro-4.9.4-2017.01-x86_64_arm-linux-gnueabihf/bin


## ----------- ##
## Core tests. ##
## ----------- ##

configure:2535: checking build system type
configure:2549: result: x86_64-pc-linux-gnu
configure:2569: checking host system type
configure:2582: result: arm-unknown-linux-gnueabi
configure:2614: checking for arm-linux-gnueabi-gcc
configure:2641: result: /home/hah/linux/f1c2000/buildroot-2020.02.4/output/host/bin/arm-buildroot-linux-gnueabi-gcc
configure:2910: checking for C compiler version
configure:2919: /home/hah/linux/f1c2000/buildroot-2020.02.4/output/host/bin/arm-buildroot-linux-gnueabi-gcc --version >&5
arm-buildroot-linux-gnueabi-gcc.br_real (Buildroot 2020.02.4) 8.4.0
Copyright (C) 2018 Free Software Foundation, Inc.
This is free software; see the source for copying conditions.  There is NO
warranty; not even for MERCHANTABILITY or FITNESS FOR A PARTICULAR PURPOSE.

configure:2930: $? = 0
configure:2919: /home/hah/linux/f1c2000/buildroot-2020.02.4/output/host/bin/arm-buildroot-linux-gnueabi-gcc -v >&5
Using built-in specs.
COLLECT_GCC=/home/hah/linux/f1c2000/buildroot-2020.02.4/output/host/bin/arm-buildroot-linux-gnueabi-gcc.br_real
COLLECT_LTO_WRAPPER=/home/hah/linux/f1c2000/buildroot-2020.02.4/output/host/libexec/gcc/arm-buildroot-linux-gnueabi/8.4.0/lto-wrapper
Target: arm-buildroot-linux-gnueabi
Configured with: ./configure --prefix=/home/hah/linux/f1c2000/buildroot-2020.02.4/output/host --sysconfdir=/home/hah/linux/f1c2000/buildroot-2020.02.4/output/host/etc --enable-static --target=arm-buildroot-linux-gnueabi --with-sysroot=/home/hah/linux/f1c2000/buildroot-2020.02.4/output/host/arm-buildroot-linux-gnueabi/sysroot --enable-__cxa_atexit --with-gnu-ld --disable-libssp --disable-multilib --disable-decimal-float --with-gmp=/home/hah/linux/f1c2000/buildroot-2020.02.4/output/host --with-mpc=/home/hah/linux/f1c2000/buildroot-2020.02.4/output/host --with-mpfr=/home/hah/linux/f1c2000/buildroot-2020.02.4/output/host --with-pkgversion='Buildroot 2020.02.4' --with-bugurl=http://bugs.buildroot.net/ --disable-libquadmath --enable-tls --enable-threads --without-isl --without-cloog --with-float=soft --with-abi=aapcs-linux --with-cpu=arm926ej-s --with-float=soft --with-mode=arm --enable-languages=c,c++ --with-build-time-tools=/home/hah/linux/f1c2000/buildroot-2020.02.4/output/host/arm-buildroot-linux-gnueabi/bin --enable-shared --disable-libgomp
Thread model: posix
gcc version 8.4.0 (Buildroot 2020.02.4) 
configure:2930: $? = 0
configure:2919: /home/hah/linux/f1c2000/buildroot-2020.02.4/output/host/bin/arm-buildroot-linux-gnueabi-gcc -V >&5
arm-buildroot-linux-gnueabi-gcc.br_real: error: unrecognized command line option '-V'
arm-buildroot-linux-gnueabi-gcc.br_real: fatal error: no input files
compilation terminated.
configure:2930: $? = 1
configure:2919: /home/hah/linux/f1c2000/buildroot-2020.02.4/output/host/bin/arm-buildroot-linux-gnueabi-gcc -qversion >&5
arm-buildroot-linux-gnueabi-gcc.br_real: error: unrecognized command line option '-qversion'; did you mean '--version'?
arm-buildroot-linux-gnueabi-gcc.br_real: fatal error: no input files
compilation terminated.
configure:2930: $? = 1
configure:2950: checking whether the C compiler works
configure:2972: /home/hah/linux/f1c2000/buildroot-2020.02.4/output/host/bin/arm-buildroot-linux-gnueabi-gcc -I/home/hah/Downloads/zlib-1.2.11/build/install/include  -L/home/hah/Downloads/zlib-1.2.11/build/install/lib conftest.c  >&5
configure:2976: $? = 0
configure:3024: result: yes
configure:3027: checking for C compiler default output file name
configure:3029: result: a.out
configure:3035: checking for suffix of executables
configure:3042: /home/hah/linux/f1c2000/buildroot-2020.02.4/output/host/bin/arm-buildroot-linux-gnueabi-gcc -o conftest -I/home/hah/Downloads/zlib-1.2.11/build/install/include  -L/home/hah/Downloads/zlib-1.2.11/build/install/lib conftest.c  >&5
configure:3046: $? = 0
configure:3068: result: 
configure:3090: checking whether we are cross compiling
configure:3098: /home/hah/linux/f1c2000/buildroot-2020.02.4/output/host/bin/arm-buildroot-linux-gnueabi-gcc -o conftest -I/home/hah/Downloads/zlib-1.2.11/build/install/include  -L/home/hah/Downloads/zlib-1.2.11/build/install/lib conftest.c  >&5
configure:3102: $? = 0
configure:3109: ./conftest
/lib/ld-linux.so.3: No such file or directory
configure:3113: $? = 255
configure:3101: result: yes
configure:3106: checking for suffix of object files
configure:3128: /home/hah/linux/f1c2000/buildroot-2020.02.4/output/host/bin/arm-buildroot-linux-gnueabi-gcc -c -I/home/hah/Downloads/zlib-1.2.11/build/install/include  conftest.c >&5
configure:3132: $? = 0
configure:3153: result: o
configure:3157: checking whether we are using the GNU C compiler
configure:3176: /home/hah/linux/f1c2000/buildroot-2020.02.4/output/host/bin/arm-buildroot-linux-gnueabi-gcc -c -I/home/hah/Downloads/zlib-1.2.11/build/install/include  conftest.c >&5
configure:3176: $? = 0
configure:3185: result: yes
configure:3194: checking whether /home/hah/linux/f1c2000/buildroot-2020.02.4/output/host/bin/arm-buildroot-linux-gnueabi-gcc accepts -g
configure:3214: /home/hah/linux/f1c2000/buildroot-2020.02.4/output/host/bin/arm-buildroot-linux-gnueabi-gcc -c -g  conftest.c >&5
configure:3214: $? = 0
configure:3255: result: yes
configure:3272: checking for /home/hah/linux/f1c2000/buildroot-2020.02.4/output/host/bin/arm-buildroot-linux-gnueabi-gcc option to accept ISO C89
configure:3335: /home/hah/linux/f1c2000/buildroot-2020.02.4/output/host/bin/arm-buildroot-linux-gnueabi-gcc  -c -I/home/hah/Downloads/zlib-1.2.11/build/install/include  conftest.c >&5
configure:3335: $? = 0
configure:3348: result: none needed
configure:3373: checking how to run the C preprocessor
configure:3404: /home/hah/linux/f1c2000/buildroot-2020.02.4/output/host/bin/arm-buildroot-linux-gnueabi-gcc -E  conftest.c
configure:3404: $? = 0
configure:3418: /home/hah/linux/f1c2000/buildroot-2020.02.4/output/host/bin/arm-buildroot-linux-gnueabi-gcc -E  conftest.c
conftest.c:9:10: fatal error: ac_nonexistent.h: No such file or directory
 #include <ac_nonexistent.h>
          ^~~~~~~~~~~~~~~~~~
compilation terminated.
configure:3418: $? = 1
configure: failed program was:
| /* confdefs.h */
| #define PACKAGE_NAME "FreeType"
| #define PACKAGE_TARNAME "freetype"
| #define PACKAGE_VERSION "2.8"
| #define PACKAGE_STRING "FreeType 2.8"
| #define PACKAGE_BUGREPORT "freetype@nongnu.org"
| #define PACKAGE_URL ""
| /* end confdefs.h.  */
| #include <ac_nonexistent.h>
configure:3443: result: /home/hah/linux/f1c2000/buildroot-2020.02.4/output/host/bin/arm-buildroot-linux-gnueabi-gcc -E
configure:3463: /home/hah/linux/f1c2000/buildroot-2020.02.4/output/host/bin/arm-buildroot-linux-gnueabi-gcc -E  conftest.c
configure:3463: $? = 0
configure:3477: /home/hah/linux/f1c2000/buildroot-2020.02.4/output/host/bin/arm-buildroot-linux-gnueabi-gcc -E  conftest.c
conftest.c:9:10: fatal error: ac_nonexistent.h: No such file or directory
 #include <ac_nonexistent.h>
          ^~~~~~~~~~~~~~~~~~
compilation terminated.
configure:3477: $? = 1
configure: failed program was:
| /* confdefs.h */
| #define PACKAGE_NAME "FreeType"
| #define PACKAGE_TARNAME "freetype"
| #define PACKAGE_VERSION "2.8"
| #define PACKAGE_STRING "FreeType 2.8"
| #define PACKAGE_BUGREPORT "freetype@nongnu.org"
| #define PACKAGE_URL ""
| /* end confdefs.h.  */
| #include <ac_nonexistent.h>
configure:3518: checking for arm-linux-gnueabi-pkg-config
configure:3551: result: no
configure:3561: checking for pkg-config
configure:3579: found /usr/bin/pkg-config
configure:3591: result: /usr/bin/pkg-config
configure:3603: WARNING: using cross tools not prefixed with host triplet
configure:3616: checking pkg-config is at least version 0.24
configure:3619: result: yes
configure:3674: checking how to print strings
configure:3701: result: printf
configure:3722: checking for a sed that does not truncate output
configure:3786: result: /usr/bin/sed
configure:3804: checking for grep that handles long lines and -e
configure:3862: result: /usr/bin/grep
configure:3867: checking for egrep
configure:3929: result: /usr/bin/grep -E
configure:3934: checking for fgrep
configure:3996: result: /usr/bin/grep -F
configure:4031: checking for ld used by /home/hah/linux/f1c2000/buildroot-2020.02.4/output/host/bin/arm-buildroot-linux-gnueabi-gcc
configure:4098: result: /home/hah/linux/f1c2000/buildroot-2020.02.4/output/host/bin/arm-buildroot-linux-gnueabi-ld
configure:4105: checking if the linker (/home/hah/linux/f1c2000/buildroot-2020.02.4/output/host/bin/arm-buildroot-linux-gnueabi-ld) is GNU ld
configure:4120: result: yes
configure:4132: checking for BSD- or MS-compatible name lister (nm)
configure:4186: result: /usr/bin/arm-linux-gnueabi-nm -B
configure:4316: checking the name lister (/usr/bin/arm-linux-gnueabi-nm -B) interface
configure:4323: /home/hah/linux/f1c2000/buildroot-2020.02.4/output/host/bin/arm-buildroot-linux-gnueabi-gcc -c -I/home/hah/Downloads/zlib-1.2.11/build/install/include  conftest.c >&5
configure:4326: /usr/bin/arm-linux-gnueabi-nm -B "conftest.o"
configure:4329: output
00000000 B some_variable
configure:4330: result: BSD nm
configure:4333: checking whether ln -s works
configure:4337: result: yes
configure:4345: checking the maximum length of command line arguments
configure:4476: result: 1572864
configure:4524: checking how to convert x86_64-pc-linux-gnu file names to arm-unknown-linux-gnueabi format
configure:4564: result: func_convert_file_noop
configure:4571: checking how to convert x86_64-pc-linux-gnu file names to toolchain format
configure:4591: result: func_convert_file_noop
configure:4598: checking for /home/hah/linux/f1c2000/buildroot-2020.02.4/output/host/bin/arm-buildroot-linux-gnueabi-ld option to reload object files
configure:4605: result: -r
configure:4639: checking for arm-linux-gnueabi-objdump
configure:4655: found /usr/bin/arm-linux-gnueabi-objdump
configure:4666: result: arm-linux-gnueabi-objdump
configure:4735: checking how to recognize dependent libraries
configure:4935: result: pass_all
configure:4980: checking for arm-linux-gnueabi-dlltool
configure:5010: result: no
configure:5020: checking for dlltool
configure:5050: result: no
configure:5077: checking how to associate runtime and link libraries
configure:5104: result: printf %s\n
configure:5121: checking for arm-linux-gnueabi-ar
configure:5137: found /usr/bin/arm-linux-gnueabi-ar
configure:5148: result: arm-linux-gnueabi-ar
configure:5229: checking for archiver @FILE support
configure:5246: /home/hah/linux/f1c2000/buildroot-2020.02.4/output/host/bin/arm-buildroot-linux-gnueabi-gcc -c -I/home/hah/Downloads/zlib-1.2.11/build/install/include  conftest.c >&5
configure:5246: $? = 0
configure:5249: arm-linux-gnueabi-ar cru libconftest.a @conftest.lst >&5
arm-linux-gnueabi-ar: `u' modifier ignored since `D' is the default (see `U')
configure:5252: $? = 0
configure:5257: arm-linux-gnueabi-ar cru libconftest.a @conftest.lst >&5
arm-linux-gnueabi-ar: `u' modifier ignored since `D' is the default (see `U')
arm-linux-gnueabi-ar: conftest.o: No such file or directory
configure:5260: $? = 1
configure:5259: result: @
configure:5277: checking for arm-linux-gnueabi-strip
configure:5293: found /usr/bin/arm-linux-gnueabi-strip
configure:5304: result: arm-linux-gnueabi-strip
configure:5376: checking for arm-linux-gnueabi-ranlib
configure:5392: found /usr/bin/arm-linux-gnueabi-ranlib
configure:5403: result: arm-linux-gnueabi-ranlib
configure:5520: checking for gawk
configure:5536: found /usr/bin/gawk
configure:5547: result: gawk
configure:5587: checking command to parse /usr/bin/arm-linux-gnueabi-nm -B output from /home/hah/linux/f1c2000/buildroot-2020.02.4/output/host/bin/arm-buildroot-linux-gnueabi-gcc object
configure:5740: /home/hah/linux/f1c2000/buildroot-2020.02.4/output/host/bin/arm-buildroot-linux-gnueabi-gcc -c -I/home/hah/Downloads/zlib-1.2.11/build/install/include  conftest.c >&5
configure:5743: $? = 0
configure:5747: /usr/bin/arm-linux-gnueabi-nm -B conftest.o \| sed -n -e 's/^.*[ ]\([ABCDGIRSTW][ABCDGIRSTW]*\)[ ][ ]*\([_A-Za-z][_A-Za-z0-9]*\)$/\1 \2 \2/p' | sed '/ __gnu_lto/d' \> conftest.nm
configure:5750: $? = 0
configure:5816: /home/hah/linux/f1c2000/buildroot-2020.02.4/output/host/bin/arm-buildroot-linux-gnueabi-gcc -o conftest -I/home/hah/Downloads/zlib-1.2.11/build/install/include  -L/home/hah/Downloads/zlib-1.2.11/build/install/lib conftest.c conftstm.o >&5
configure:5819: $? = 0
configure:5857: result: ok
configure:5904: checking for sysroot
configure:5934: result: no
configure:5941: checking for a working dd
configure:5979: result: /usr/bin/dd
configure:5983: checking how to truncate binary pipes
configure:5998: result: /usr/bin/dd bs=4096 count=1
configure:6287: checking for arm-linux-gnueabi-mt
configure:6317: result: no
configure:6327: checking for mt
configure:6343: found /usr/bin/mt
configure:6354: result: mt
configure:6377: checking if mt is a manifest tool
configure:6383: mt '-?'
configure:6391: result: no
configure:7064: checking for ANSI C header files
configure:7084: /home/hah/linux/f1c2000/buildroot-2020.02.4/output/host/bin/arm-buildroot-linux-gnueabi-gcc -c -I/home/hah/Downloads/zlib-1.2.11/build/install/include  conftest.c >&5
configure:7084: $? = 0
configure:7168: result: yes
configure:7181: checking for sys/types.h
configure:7181: /home/hah/linux/f1c2000/buildroot-2020.02.4/output/host/bin/arm-buildroot-linux-gnueabi-gcc -c -I/home/hah/Downloads/zlib-1.2.11/build/install/include  conftest.c >&5
configure:7181: $? = 0
configure:7181: result: yes
configure:7181: checking for sys/stat.h
configure:7181: /home/hah/linux/f1c2000/buildroot-2020.02.4/output/host/bin/arm-buildroot-linux-gnueabi-gcc -c -I/home/hah/Downloads/zlib-1.2.11/build/install/include  conftest.c >&5
configure:7181: $? = 0
configure:7181: result: yes
configure:7181: checking for stdlib.h
configure:7181: /home/hah/linux/f1c2000/buildroot-2020.02.4/output/host/bin/arm-buildroot-linux-gnueabi-gcc -c -I/home/hah/Downloads/zlib-1.2.11/build/install/include  conftest.c >&5
configure:7181: $? = 0
configure:7181: result: yes
configure:7181: checking for string.h
configure:7181: /home/hah/linux/f1c2000/buildroot-2020.02.4/output/host/bin/arm-buildroot-linux-gnueabi-gcc -c -I/home/hah/Downloads/zlib-1.2.11/build/install/include  conftest.c >&5
configure:7181: $? = 0
configure:7181: result: yes
configure:7181: checking for memory.h
configure:7181: /home/hah/linux/f1c2000/buildroot-2020.02.4/output/host/bin/arm-buildroot-linux-gnueabi-gcc -c -I/home/hah/Downloads/zlib-1.2.11/build/install/include  conftest.c >&5
configure:7181: $? = 0
configure:7181: result: yes
configure:7181: checking for strings.h
configure:7181: /home/hah/linux/f1c2000/buildroot-2020.02.4/output/host/bin/arm-buildroot-linux-gnueabi-gcc -c -I/home/hah/Downloads/zlib-1.2.11/build/install/include  conftest.c >&5
configure:7181: $? = 0
configure:7181: result: yes
configure:7181: checking for inttypes.h
configure:7181: /home/hah/linux/f1c2000/buildroot-2020.02.4/output/host/bin/arm-buildroot-linux-gnueabi-gcc -c -I/home/hah/Downloads/zlib-1.2.11/build/install/include  conftest.c >&5
configure:7181: $? = 0
configure:7181: result: yes
configure:7181: checking for stdint.h
configure:7181: /home/hah/linux/f1c2000/buildroot-2020.02.4/output/host/bin/arm-buildroot-linux-gnueabi-gcc -c -I/home/hah/Downloads/zlib-1.2.11/build/install/include  conftest.c >&5
configure:7181: $? = 0
configure:7181: result: yes
configure:7181: checking for unistd.h
configure:7181: /home/hah/linux/f1c2000/buildroot-2020.02.4/output/host/bin/arm-buildroot-linux-gnueabi-gcc -c -I/home/hah/Downloads/zlib-1.2.11/build/install/include  conftest.c >&5
configure:7181: $? = 0
configure:7181: result: yes
configure:7195: checking for dlfcn.h
configure:7195: /home/hah/linux/f1c2000/buildroot-2020.02.4/output/host/bin/arm-buildroot-linux-gnueabi-gcc -c -I/home/hah/Downloads/zlib-1.2.11/build/install/include  conftest.c >&5
configure:7195: $? = 0
configure:7195: result: yes
configure:7749: checking for objdir
configure:7764: result: .libs
configure:8024: checking if /home/hah/linux/f1c2000/buildroot-2020.02.4/output/host/bin/arm-buildroot-linux-gnueabi-gcc supports -fno-rtti -fno-exceptions
configure:8042: /home/hah/linux/f1c2000/buildroot-2020.02.4/output/host/bin/arm-buildroot-linux-gnueabi-gcc -c -I/home/hah/Downloads/zlib-1.2.11/build/install/include  -fno-rtti -fno-exceptions conftest.c >&5
cc1: warning: command line option '-fno-rtti' is valid for C++/ObjC++ but not for C
configure:8046: $? = 0
configure:8059: result: no
configure:8417: checking for /home/hah/linux/f1c2000/buildroot-2020.02.4/output/host/bin/arm-buildroot-linux-gnueabi-gcc option to produce PIC
configure:8424: result: -fPIC -DPIC
configure:8432: checking if /home/hah/linux/f1c2000/buildroot-2020.02.4/output/host/bin/arm-buildroot-linux-gnueabi-gcc PIC flag -fPIC -DPIC works
configure:8450: /home/hah/linux/f1c2000/buildroot-2020.02.4/output/host/bin/arm-buildroot-linux-gnueabi-gcc -c -I/home/hah/Downloads/zlib-1.2.11/build/install/include  -fPIC -DPIC -DPIC conftest.c >&5
configure:8454: $? = 0
configure:8467: result: yes
configure:8496: checking if /home/hah/linux/f1c2000/buildroot-2020.02.4/output/host/bin/arm-buildroot-linux-gnueabi-gcc static flag -static works
configure:8524: result: yes
configure:8539: checking if /home/hah/linux/f1c2000/buildroot-2020.02.4/output/host/bin/arm-buildroot-linux-gnueabi-gcc supports -c -o file.o
configure:8560: /home/hah/linux/f1c2000/buildroot-2020.02.4/output/host/bin/arm-buildroot-linux-gnueabi-gcc -c -I/home/hah/Downloads/zlib-1.2.11/build/install/include  -o out/conftest2.o conftest.c >&5
configure:8564: $? = 0
configure:8586: result: yes
configure:8594: checking if /home/hah/linux/f1c2000/buildroot-2020.02.4/output/host/bin/arm-buildroot-linux-gnueabi-gcc supports -c -o file.o
configure:8641: result: yes
configure:8674: checking whether the /home/hah/linux/f1c2000/buildroot-2020.02.4/output/host/bin/arm-buildroot-linux-gnueabi-gcc linker (/home/hah/linux/f1c2000/buildroot-2020.02.4/output/host/bin/arm-buildroot-linux-gnueabi-ld) supports shared libraries
configure:9933: result: yes
configure:9970: checking whether -lc should be explicitly linked in
configure:9978: /home/hah/linux/f1c2000/buildroot-2020.02.4/output/host/bin/arm-buildroot-linux-gnueabi-gcc -c -I/home/hah/Downloads/zlib-1.2.11/build/install/include  conftest.c >&5
configure:9981: $? = 0
configure:9996: /home/hah/linux/f1c2000/buildroot-2020.02.4/output/host/bin/arm-buildroot-linux-gnueabi-gcc -shared  -fPIC -DPIC conftest.o  -v -Wl,-soname -Wl,conftest -o conftest 2\>\&1 \| /usr/bin/grep  -lc  \>/dev/null 2\>\&1
configure:9999: $? = 0
configure:10013: result: no
configure:10173: checking dynamic linker characteristics
configure:10754: /home/hah/linux/f1c2000/buildroot-2020.02.4/output/host/bin/arm-buildroot-linux-gnueabi-gcc -o conftest -I/home/hah/Downloads/zlib-1.2.11/build/install/include  -L/home/hah/Downloads/zlib-1.2.11/build/install/lib -Wl,-rpath -Wl,/foo conftest.c  >&5
configure:10754: $? = 0
configure:10991: result: GNU/Linux ld.so
configure:11113: checking how to hardcode library paths into programs
configure:11138: result: immediate
configure:11686: checking whether stripping libraries is possible
configure:11691: result: yes
configure:11726: checking if libtool supports shared libraries
configure:11728: result: yes
configure:11731: checking whether to build shared libraries
configure:11756: result: yes
configure:11759: checking whether to build static libraries
configure:11763: result: yes
configure:8599: checking for x86_64-pc-linux-gnu-gcc
configure:8629: result: no
configure:8636: checking for gcc
configure:8652: found /usr/bin/gcc
configure:8663: result: gcc
configure:8673: checking for gcc
configure:8717: result: gcc
configure:8727: checking for suffix of native executables
configure:8741: result: 
configure:8771: checking for a BSD-compatible install
configure:8839: result: /usr/bin/install -c
configure:8858: checking for a thread-safe mkdir -p
configure:8897: result: /usr/bin/mkdir -p
configure:8911: checking for ANSI C header files
configure:9015: result: yes
configure:9026: checking fcntl.h usability
configure:9026: /home/hah/linux/f1c2000/buildroot-2020.02.4/output/host/bin/arm-buildroot-linux-gnueabi-gcc -c -I/home/hah/Downloads/zlib-1.2.11/build/install/include  conftest.c >&5
configure:9026: $? = 0
configure:9026: result: yes
configure:9026: checking fcntl.h presence
configure:9026: /home/hah/linux/f1c2000/buildroot-2020.02.4/output/host/bin/arm-buildroot-linux-gnueabi-gcc -E  conftest.c
configure:9026: $? = 0
configure:9026: result: yes
configure:9026: checking for fcntl.h
configure:9026: result: yes
configure:9026: checking for unistd.h
configure:9026: result: yes
configure:9040: checking for an ANSI C-conforming const
configure:9106: /home/hah/linux/f1c2000/buildroot-2020.02.4/output/host/bin/arm-buildroot-linux-gnueabi-gcc -c -I/home/hah/Downloads/zlib-1.2.11/build/install/include  conftest.c >&5
configure:9106: $? = 0
configure:9113: result: yes
configure:9125: checking size of int
configure:9130: /home/hah/linux/f1c2000/buildroot-2020.02.4/output/host/bin/arm-buildroot-linux-gnueabi-gcc -c -I/home/hah/Downloads/zlib-1.2.11/build/install/include  conftest.c >&5
configure:9130: $? = 0
configure:9130: /home/hah/linux/f1c2000/buildroot-2020.02.4/output/host/bin/arm-buildroot-linux-gnueabi-gcc -c -I/home/hah/Downloads/zlib-1.2.11/build/install/include  conftest.c >&5
conftest.c: In function 'main':
conftest.c:60:12: error: size of array 'test_array' is negative
 static int test_array [1 - 2 * !(((long int) (sizeof (int))) <= 0)];
            ^~~~~~~~~~
configure:9130: $? = 1
configure: failed program was:
| /* confdefs.h */
| #define PACKAGE_NAME "FreeType"
| #define PACKAGE_TARNAME "freetype"
| #define PACKAGE_VERSION "2.8"
| #define PACKAGE_STRING "FreeType 2.8"
| #define PACKAGE_BUGREPORT "freetype@nongnu.org"
| #define PACKAGE_URL ""
| #define STDC_HEADERS 1
| #define HAVE_SYS_TYPES_H 1
| #define HAVE_SYS_STAT_H 1
| #define HAVE_STDLIB_H 1
| #define HAVE_STRING_H 1
| #define HAVE_MEMORY_H 1
| #define HAVE_STRINGS_H 1
| #define HAVE_INTTYPES_H 1
| #define HAVE_STDINT_H 1
| #define HAVE_UNISTD_H 1
| #define HAVE_DLFCN_H 1
| #define LT_OBJDIR ".libs/"
| #define STDC_HEADERS 1
| #define HAVE_FCNTL_H 1
| #define HAVE_UNISTD_H 1
| /* end confdefs.h.  */
| #include <stdio.h>
| #ifdef HAVE_SYS_TYPES_H
| # include <sys/types.h>
| #endif
| #ifdef HAVE_SYS_STAT_H
| # include <sys/stat.h>
| #endif
| #ifdef STDC_HEADERS
| # include <stdlib.h>
| # include <stddef.h>
| #else
| # ifdef HAVE_STDLIB_H
| #  include <stdlib.h>
| # endif
| #endif
| #ifdef HAVE_STRING_H
| # if !defined STDC_HEADERS && defined HAVE_MEMORY_H
| #  include <memory.h>
| # endif
| # include <string.h>
| #endif
| #ifdef HAVE_STRINGS_H
| # include <strings.h>
| #endif
| #ifdef HAVE_INTTYPES_H
| # include <inttypes.h>
| #endif
| #ifdef HAVE_STDINT_H
| # include <stdint.h>
| #endif
| #ifdef HAVE_UNISTD_H
| # include <unistd.h>
| #endif
| int
| main ()
| {
| static int test_array [1 - 2 * !(((long int) (sizeof (int))) <= 0)];
| test_array [0] = 0;
| return test_array [0];
| 
|   ;
|   return 0;
| }
configure:9130: /home/hah/linux/f1c2000/buildroot-2020.02.4/output/host/bin/arm-buildroot-linux-gnueabi-gcc -c -I/home/hah/Downloads/zlib-1.2.11/build/install/include  conftest.c >&5
conftest.c: In function 'main':
conftest.c:60:12: error: size of array 'test_array' is negative
 static int test_array [1 - 2 * !(((long int) (sizeof (int))) <= 1)];
            ^~~~~~~~~~
configure:9130: $? = 1
configure: failed program was:
| /* confdefs.h */
| #define PACKAGE_NAME "FreeType"
| #define PACKAGE_TARNAME "freetype"
| #define PACKAGE_VERSION "2.8"
| #define PACKAGE_STRING "FreeType 2.8"
| #define PACKAGE_BUGREPORT "freetype@nongnu.org"
| #define PACKAGE_URL ""
| #define STDC_HEADERS 1
| #define HAVE_SYS_TYPES_H 1
| #define HAVE_SYS_STAT_H 1
| #define HAVE_STDLIB_H 1
| #define HAVE_STRING_H 1
| #define HAVE_MEMORY_H 1
| #define HAVE_STRINGS_H 1
| #define HAVE_INTTYPES_H 1
| #define HAVE_STDINT_H 1
| #define HAVE_UNISTD_H 1
| #define HAVE_DLFCN_H 1
| #define LT_OBJDIR ".libs/"
| #define STDC_HEADERS 1
| #define HAVE_FCNTL_H 1
| #define HAVE_UNISTD_H 1
| /* end confdefs.h.  */
| #include <stdio.h>
| #ifdef HAVE_SYS_TYPES_H
| # include <sys/types.h>
| #endif
| #ifdef HAVE_SYS_STAT_H
| # include <sys/stat.h>
| #endif
| #ifdef STDC_HEADERS
| # include <stdlib.h>
| # include <stddef.h>
| #else
| # ifdef HAVE_STDLIB_H
| #  include <stdlib.h>
| # endif
| #endif
| #ifdef HAVE_STRING_H
| # if !defined STDC_HEADERS && defined HAVE_MEMORY_H
| #  include <memory.h>
| # endif
| # include <string.h>
| #endif
| #ifdef HAVE_STRINGS_H
| # include <strings.h>
| #endif
| #ifdef HAVE_INTTYPES_H
| # include <inttypes.h>
| #endif
| #ifdef HAVE_STDINT_H
| # include <stdint.h>
| #endif
| #ifdef HAVE_UNISTD_H
| # include <unistd.h>
| #endif
| int
| main ()
| {
| static int test_array [1 - 2 * !(((long int) (sizeof (int))) <= 1)];
| test_array [0] = 0;
| return test_array [0];
| 
|   ;
|   return 0;
| }
configure:9130: /home/hah/linux/f1c2000/buildroot-2020.02.4/output/host/bin/arm-buildroot-linux-gnueabi-gcc -c -I/home/hah/Downloads/zlib-1.2.11/build/install/include  conftest.c >&5
conftest.c: In function 'main':
conftest.c:60:12: error: size of array 'test_array' is negative
 static int test_array [1 - 2 * !(((long int) (sizeof (int))) <= 3)];
            ^~~~~~~~~~
configure:9130: $? = 1
configure: failed program was:
| /* confdefs.h */
| #define PACKAGE_NAME "FreeType"
| #define PACKAGE_TARNAME "freetype"
| #define PACKAGE_VERSION "2.8"
| #define PACKAGE_STRING "FreeType 2.8"
| #define PACKAGE_BUGREPORT "freetype@nongnu.org"
| #define PACKAGE_URL ""
| #define STDC_HEADERS 1
| #define HAVE_SYS_TYPES_H 1
| #define HAVE_SYS_STAT_H 1
| #define HAVE_STDLIB_H 1
| #define HAVE_STRING_H 1
| #define HAVE_MEMORY_H 1
| #define HAVE_STRINGS_H 1
| #define HAVE_INTTYPES_H 1
| #define HAVE_STDINT_H 1
| #define HAVE_UNISTD_H 1
| #define HAVE_DLFCN_H 1
| #define LT_OBJDIR ".libs/"
| #define STDC_HEADERS 1
| #define HAVE_FCNTL_H 1
| #define HAVE_UNISTD_H 1
| /* end confdefs.h.  */
| #include <stdio.h>
| #ifdef HAVE_SYS_TYPES_H
| # include <sys/types.h>
| #endif
| #ifdef HAVE_SYS_STAT_H
| # include <sys/stat.h>
| #endif
| #ifdef STDC_HEADERS
| # include <stdlib.h>
| # include <stddef.h>
| #else
| # ifdef HAVE_STDLIB_H
| #  include <stdlib.h>
| # endif
| #endif
| #ifdef HAVE_STRING_H
| # if !defined STDC_HEADERS && defined HAVE_MEMORY_H
| #  include <memory.h>
| # endif
| # include <string.h>
| #endif
| #ifdef HAVE_STRINGS_H
| # include <strings.h>
| #endif
| #ifdef HAVE_INTTYPES_H
| # include <inttypes.h>
| #endif
| #ifdef HAVE_STDINT_H
| # include <stdint.h>
| #endif
| #ifdef HAVE_UNISTD_H
| # include <unistd.h>
| #endif
| int
| main ()
| {
| static int test_array [1 - 2 * !(((long int) (sizeof (int))) <= 3)];
| test_array [0] = 0;
| return test_array [0];
| 
|   ;
|   return 0;
| }
configure:9130: /home/hah/linux/f1c2000/buildroot-2020.02.4/output/host/bin/arm-buildroot-linux-gnueabi-gcc -c -I/home/hah/Downloads/zlib-1.2.11/build/install/include  conftest.c >&5
configure:9130: $? = 0
configure:9130: /home/hah/linux/f1c2000/buildroot-2020.02.4/output/host/bin/arm-buildroot-linux-gnueabi-gcc -c -I/home/hah/Downloads/zlib-1.2.11/build/install/include  conftest.c >&5
configure:9130: $? = 0
configure:9130: /home/hah/linux/f1c2000/buildroot-2020.02.4/output/host/bin/arm-buildroot-linux-gnueabi-gcc -c -I/home/hah/Downloads/zlib-1.2.11/build/install/include  conftest.c >&5
configure:9130: $? = 0
configure:9144: result: 4
configure:9158: checking size of long
configure:9163: /home/hah/linux/f1c2000/buildroot-2020.02.4/output/host/bin/arm-buildroot-linux-gnueabi-gcc -c -I/home/hah/Downloads/zlib-1.2.11/build/install/include  conftest.c >&5
configure:9163: $? = 0
configure:9163: /home/hah/linux/f1c2000/buildroot-2020.02.4/output/host/bin/arm-buildroot-linux-gnueabi-gcc -c -I/home/hah/Downloads/zlib-1.2.11/build/install/include  conftest.c >&5
conftest.c: In function 'main':
conftest.c:61:12: error: size of array 'test_array' is negative
 static int test_array [1 - 2 * !(((long int) (sizeof (long))) <= 0)];
            ^~~~~~~~~~
configure:9163: $? = 1
configure: failed program was:
| /* confdefs.h */
| #define PACKAGE_NAME "FreeType"
| #define PACKAGE_TARNAME "freetype"
| #define PACKAGE_VERSION "2.8"
| #define PACKAGE_STRING "FreeType 2.8"
| #define PACKAGE_BUGREPORT "freetype@nongnu.org"
| #define PACKAGE_URL ""
| #define STDC_HEADERS 1
| #define HAVE_SYS_TYPES_H 1
| #define HAVE_SYS_STAT_H 1
| #define HAVE_STDLIB_H 1
| #define HAVE_STRING_H 1
| #define HAVE_MEMORY_H 1
| #define HAVE_STRINGS_H 1
| #define HAVE_INTTYPES_H 1
| #define HAVE_STDINT_H 1
| #define HAVE_UNISTD_H 1
| #define HAVE_DLFCN_H 1
| #define LT_OBJDIR ".libs/"
| #define STDC_HEADERS 1
| #define HAVE_FCNTL_H 1
| #define HAVE_UNISTD_H 1
| #define SIZEOF_INT 4
| /* end confdefs.h.  */
| #include <stdio.h>
| #ifdef HAVE_SYS_TYPES_H
| # include <sys/types.h>
| #endif
| #ifdef HAVE_SYS_STAT_H
| # include <sys/stat.h>
| #endif
| #ifdef STDC_HEADERS
| # include <stdlib.h>
| # include <stddef.h>
| #else
| # ifdef HAVE_STDLIB_H
| #  include <stdlib.h>
| # endif
| #endif
| #ifdef HAVE_STRING_H
| # if !defined STDC_HEADERS && defined HAVE_MEMORY_H
| #  include <memory.h>
| # endif
| # include <string.h>
| #endif
| #ifdef HAVE_STRINGS_H
| # include <strings.h>
| #endif
| #ifdef HAVE_INTTYPES_H
| # include <inttypes.h>
| #endif
| #ifdef HAVE_STDINT_H
| # include <stdint.h>
| #endif
| #ifdef HAVE_UNISTD_H
| # include <unistd.h>
| #endif
| int
| main ()
| {
| static int test_array [1 - 2 * !(((long int) (sizeof (long))) <= 0)];
| test_array [0] = 0;
| return test_array [0];
| 
|   ;
|   return 0;
| }
configure:9163: /home/hah/linux/f1c2000/buildroot-2020.02.4/output/host/bin/arm-buildroot-linux-gnueabi-gcc -c -I/home/hah/Downloads/zlib-1.2.11/build/install/include  conftest.c >&5
conftest.c: In function 'main':
conftest.c:61:12: error: size of array 'test_array' is negative
 static int test_array [1 - 2 * !(((long int) (sizeof (long))) <= 1)];
            ^~~~~~~~~~
configure:9163: $? = 1
configure: failed program was:
| /* confdefs.h */
| #define PACKAGE_NAME "FreeType"
| #define PACKAGE_TARNAME "freetype"
| #define PACKAGE_VERSION "2.8"
| #define PACKAGE_STRING "FreeType 2.8"
| #define PACKAGE_BUGREPORT "freetype@nongnu.org"
| #define PACKAGE_URL ""
| #define STDC_HEADERS 1
| #define HAVE_SYS_TYPES_H 1
| #define HAVE_SYS_STAT_H 1
| #define HAVE_STDLIB_H 1
| #define HAVE_STRING_H 1
| #define HAVE_MEMORY_H 1
| #define HAVE_STRINGS_H 1
| #define HAVE_INTTYPES_H 1
| #define HAVE_STDINT_H 1
| #define HAVE_UNISTD_H 1
| #define HAVE_DLFCN_H 1
| #define LT_OBJDIR ".libs/"
| #define STDC_HEADERS 1
| #define HAVE_FCNTL_H 1
| #define HAVE_UNISTD_H 1
| #define SIZEOF_INT 4
| /* end confdefs.h.  */
| #include <stdio.h>
| #ifdef HAVE_SYS_TYPES_H
| # include <sys/types.h>
| #endif
| #ifdef HAVE_SYS_STAT_H
| # include <sys/stat.h>
| #endif
| #ifdef STDC_HEADERS
| # include <stdlib.h>
| # include <stddef.h>
| #else
| # ifdef HAVE_STDLIB_H
| #  include <stdlib.h>
| # endif
| #endif
| #ifdef HAVE_STRING_H
| # if !defined STDC_HEADERS && defined HAVE_MEMORY_H
| #  include <memory.h>
| # endif
| # include <string.h>
| #endif
| #ifdef HAVE_STRINGS_H
| # include <strings.h>
| #endif
| #ifdef HAVE_INTTYPES_H
| # include <inttypes.h>
| #endif
| #ifdef HAVE_STDINT_H
| # include <stdint.h>
| #endif
| #ifdef HAVE_UNISTD_H
| # include <unistd.h>
| #endif
| int
| main ()
| {
| static int test_array [1 - 2 * !(((long int) (sizeof (long))) <= 1)];
| test_array [0] = 0;
| return test_array [0];
| 
|   ;
|   return 0;
| }
configure:9163: /home/hah/linux/f1c2000/buildroot-2020.02.4/output/host/bin/arm-buildroot-linux-gnueabi-gcc -c -I/home/hah/Downloads/zlib-1.2.11/build/install/include  conftest.c >&5
conftest.c: In function 'main':
conftest.c:61:12: error: size of array 'test_array' is negative
 static int test_array [1 - 2 * !(((long int) (sizeof (long))) <= 3)];
            ^~~~~~~~~~
configure:9163: $? = 1
configure: failed program was:
| /* confdefs.h */
| #define PACKAGE_NAME "FreeType"
| #define PACKAGE_TARNAME "freetype"
| #define PACKAGE_VERSION "2.8"
| #define PACKAGE_STRING "FreeType 2.8"
| #define PACKAGE_BUGREPORT "freetype@nongnu.org"
| #define PACKAGE_URL ""
| #define STDC_HEADERS 1
| #define HAVE_SYS_TYPES_H 1
| #define HAVE_SYS_STAT_H 1
| #define HAVE_STDLIB_H 1
| #define HAVE_STRING_H 1
| #define HAVE_MEMORY_H 1
| #define HAVE_STRINGS_H 1
| #define HAVE_INTTYPES_H 1
| #define HAVE_STDINT_H 1
| #define HAVE_UNISTD_H 1
| #define HAVE_DLFCN_H 1
| #define LT_OBJDIR ".libs/"
| #define STDC_HEADERS 1
| #define HAVE_FCNTL_H 1
| #define HAVE_UNISTD_H 1
| #define SIZEOF_INT 4
| /* end confdefs.h.  */
| #include <stdio.h>
| #ifdef HAVE_SYS_TYPES_H
| # include <sys/types.h>
| #endif
| #ifdef HAVE_SYS_STAT_H
| # include <sys/stat.h>
| #endif
| #ifdef STDC_HEADERS
| # include <stdlib.h>
| # include <stddef.h>
| #else
| # ifdef HAVE_STDLIB_H
| #  include <stdlib.h>
| # endif
| #endif
| #ifdef HAVE_STRING_H
| # if !defined STDC_HEADERS && defined HAVE_MEMORY_H
| #  include <memory.h>
| # endif
| # include <string.h>
| #endif
| #ifdef HAVE_STRINGS_H
| # include <strings.h>
| #endif
| #ifdef HAVE_INTTYPES_H
| # include <inttypes.h>
| #endif
| #ifdef HAVE_STDINT_H
| # include <stdint.h>
| #endif
| #ifdef HAVE_UNISTD_H
| # include <unistd.h>
| #endif
| int
| main ()
| {
| static int test_array [1 - 2 * !(((long int) (sizeof (long))) <= 3)];
| test_array [0] = 0;
| return test_array [0];
| 
|   ;
|   return 0;
| }
configure:9163: /home/hah/linux/f1c2000/buildroot-2020.02.4/output/host/bin/arm-buildroot-linux-gnueabi-gcc -c -I/home/hah/Downloads/zlib-1.2.11/build/install/include  conftest.c >&5
configure:9163: $? = 0
configure:9163: /home/hah/linux/f1c2000/buildroot-2020.02.4/output/host/bin/arm-buildroot-linux-gnueabi-gcc -c -I/home/hah/Downloads/zlib-1.2.11/build/install/include  conftest.c >&5
configure:9163: $? = 0
configure:9163: /home/hah/linux/f1c2000/buildroot-2020.02.4/output/host/bin/arm-buildroot-linux-gnueabi-gcc -c -I/home/hah/Downloads/zlib-1.2.11/build/install/include  conftest.c >&5
configure:9163: $? = 0
configure:9177: result: 4
configure:9188: checking for unsigned long long int
configure:9227: /home/hah/linux/f1c2000/buildroot-2020.02.4/output/host/bin/arm-buildroot-linux-gnueabi-gcc -o conftest -I/home/hah/Downloads/zlib-1.2.11/build/install/include  -L/home/hah/Downloads/zlib-1.2.11/build/install/lib conftest.c  >&5
configure:9227: $? = 0
configure:9236: result: yes
configure:9246: checking for long long int
configure:9296: result: yes
configure:9308: checking whether cpp computation of bit length in ftconfig.in works
configure:9365: result: yes
configure:9394: checking for special C compiler options needed for large files
configure:9439: result: no
configure:9445: checking for _FILE_OFFSET_BITS value needed for large files
configure:9470: /home/hah/linux/f1c2000/buildroot-2020.02.4/output/host/bin/arm-buildroot-linux-gnueabi-gcc -c -I/home/hah/Downloads/zlib-1.2.11/build/install/include  conftest.c >&5
conftest.c:33:33: warning: left shift count >= width of type [-Wshift-count-overflow]
 #define LARGE_OFF_T (((off_t) 1 << 62) - 1 + ((off_t) 1 << 62))
                                 ^~
conftest.c:34:23: note: in expansion of macro 'LARGE_OFF_T'
   int off_t_is_large[(LARGE_OFF_T % 2147483629 == 721
                       ^~~~~~~~~~~
conftest.c:33:57: warning: left shift count >= width of type [-Wshift-count-overflow]
 #define LARGE_OFF_T (((off_t) 1 << 62) - 1 + ((off_t) 1 << 62))
                                                         ^~
conftest.c:34:23: note: in expansion of macro 'LARGE_OFF_T'
   int off_t_is_large[(LARGE_OFF_T % 2147483629 == 721
                       ^~~~~~~~~~~
conftest.c:33:33: warning: left shift count >= width of type [-Wshift-count-overflow]
 #define LARGE_OFF_T (((off_t) 1 << 62) - 1 + ((off_t) 1 << 62))
                                 ^~
conftest.c:35:13: note: in expansion of macro 'LARGE_OFF_T'
          && LARGE_OFF_T % 2147483647 == 1)
             ^~~~~~~~~~~
conftest.c:33:57: warning: left shift count >= width of type [-Wshift-count-overflow]
 #define LARGE_OFF_T (((off_t) 1 << 62) - 1 + ((off_t) 1 << 62))
                                                         ^~
conftest.c:35:13: note: in expansion of macro 'LARGE_OFF_T'
          && LARGE_OFF_T % 2147483647 == 1)
             ^~~~~~~~~~~
conftest.c:34:7: error: variably modified 'off_t_is_large' at file scope
   int off_t_is_large[(LARGE_OFF_T % 2147483629 == 721
       ^~~~~~~~~~~~~~
configure:9470: $? = 1
configure: failed program was:
| /* confdefs.h */
| #define PACKAGE_NAME "FreeType"
| #define PACKAGE_TARNAME "freetype"
| #define PACKAGE_VERSION "2.8"
| #define PACKAGE_STRING "FreeType 2.8"
| #define PACKAGE_BUGREPORT "freetype@nongnu.org"
| #define PACKAGE_URL ""
| #define STDC_HEADERS 1
| #define HAVE_SYS_TYPES_H 1
| #define HAVE_SYS_STAT_H 1
| #define HAVE_STDLIB_H 1
| #define HAVE_STRING_H 1
| #define HAVE_MEMORY_H 1
| #define HAVE_STRINGS_H 1
| #define HAVE_INTTYPES_H 1
| #define HAVE_STDINT_H 1
| #define HAVE_UNISTD_H 1
| #define HAVE_DLFCN_H 1
| #define LT_OBJDIR ".libs/"
| #define STDC_HEADERS 1
| #define HAVE_FCNTL_H 1
| #define HAVE_UNISTD_H 1
| #define SIZEOF_INT 4
| #define SIZEOF_LONG 4
| #define HAVE_UNSIGNED_LONG_LONG_INT 1
| #define HAVE_LONG_LONG_INT 1
| /* end confdefs.h.  */
| #include <sys/types.h>
|  /* Check that off_t can represent 2**63 - 1 correctly.
|     We can't simply define LARGE_OFF_T to be 9223372036854775807,
|     since some C++ compilers masquerading as C compilers
|     incorrectly reject 9223372036854775807.  */
| #define LARGE_OFF_T (((off_t) 1 << 62) - 1 + ((off_t) 1 << 62))
|   int off_t_is_large[(LARGE_OFF_T % 2147483629 == 721
| 		       && LARGE_OFF_T % 2147483647 == 1)
| 		      ? 1 : -1];
| int
| main ()
| {
| 
|   ;
|   return 0;
| }
configure:9494: /home/hah/linux/f1c2000/buildroot-2020.02.4/output/host/bin/arm-buildroot-linux-gnueabi-gcc -c -I/home/hah/Downloads/zlib-1.2.11/build/install/include  conftest.c >&5
configure:9494: $? = 0
configure:9502: result: 64
configure:9604: checking for stdlib.h
configure:9604: result: yes
configure:9604: checking for unistd.h
configure:9604: result: yes
configure:9604: checking for sys/param.h
configure:9604: /home/hah/linux/f1c2000/buildroot-2020.02.4/output/host/bin/arm-buildroot-linux-gnueabi-gcc -c -I/home/hah/Downloads/zlib-1.2.11/build/install/include  conftest.c >&5
configure:9604: $? = 0
configure:9604: result: yes
configure:9624: checking for getpagesize
configure:9624: /home/hah/linux/f1c2000/buildroot-2020.02.4/output/host/bin/arm-buildroot-linux-gnueabi-gcc -o conftest -I/home/hah/Downloads/zlib-1.2.11/build/install/include  -L/home/hah/Downloads/zlib-1.2.11/build/install/lib conftest.c  >&5
configure:9624: $? = 0
configure:9624: result: yes
configure:9633: checking for working mmap
configure:9790: result: no
configure:9858: checking for memcpy
configure:9858: /home/hah/linux/f1c2000/buildroot-2020.02.4/output/host/bin/arm-buildroot-linux-gnueabi-gcc -o conftest -I/home/hah/Downloads/zlib-1.2.11/build/install/include  -L/home/hah/Downloads/zlib-1.2.11/build/install/lib conftest.c  >&5
conftest.c:56:6: warning: conflicting types for built-in function 'memcpy' [-Wbuiltin-declaration-mismatch]
 char memcpy ();
      ^~~~~~
configure:9858: $? = 0
configure:9858: result: yes
configure:9858: checking for memmove
configure:9858: /home/hah/linux/f1c2000/buildroot-2020.02.4/output/host/bin/arm-buildroot-linux-gnueabi-gcc -o conftest -I/home/hah/Downloads/zlib-1.2.11/build/install/include  -L/home/hah/Downloads/zlib-1.2.11/build/install/lib conftest.c  >&5
conftest.c:57:6: warning: conflicting types for built-in function 'memmove' [-Wbuiltin-declaration-mismatch]
 char memmove ();
      ^~~~~~~
configure:9858: $? = 0
configure:9858: result: yes
configure:9910: checking gcc compiler flag -pedantic to assure ANSI C works correctly
configure:9937: /home/hah/linux/f1c2000/buildroot-2020.02.4/output/host/bin/arm-buildroot-linux-gnueabi-gcc -c -I/home/hah/Downloads/zlib-1.2.11/build/install/include  -pedantic  conftest.c >&5
configure:9937: $? = 0
configure:9938: result: ok, add it to XX_ANSIFLAGS
configure:9910: checking gcc compiler flag -ansi to assure ANSI C works correctly
configure:9937: /home/hah/linux/f1c2000/buildroot-2020.02.4/output/host/bin/arm-buildroot-linux-gnueabi-gcc -c -I/home/hah/Downloads/zlib-1.2.11/build/install/include  -pedantic -ansi  conftest.c >&5
configure:9937: $? = 0
configure:9938: result: ok, add it to XX_ANSIFLAGS
configure:10002: $PKG_CONFIG --exists --print-errors "$zlib_pkg"
configure:10005: $? = 0
configure:10012: checking for ZLIB
configure:10019: $PKG_CONFIG --exists --print-errors "$zlib_pkg"
configure:10022: $? = 0
configure:10036: $PKG_CONFIG --exists --print-errors "$zlib_pkg"
configure:10039: $? = 0
configure:10077: result: yes
configure:11362: creating ./config.status

## ---------------------- ##
## Running config.status. ##
## ---------------------- ##

This file was extended by FreeType config.status 2.8, which was
generated by GNU Autoconf 2.69.  Invocation command line was

  CONFIG_FILES    = 
  CONFIG_HEADERS  = 
  CONFIG_LINKS    = 
  CONFIG_COMMANDS = 
  $ ./config.status 

on hah-virtual-machine

config.status:1084: creating unix-cc.mk
config.status:1084: creating unix-def.mk
config.status:1084: creating ftconfig.h
config.status:1279: executing libtool commands
configure:13393:

Library configuration:
  external zlib: yes (pkg-config)
  bzip2:         no
  libpng:        no
  harfbuzz:      no


## ---------------- ##
## Cache variables. ##
## ---------------- ##

ac_cv_build=x86_64-pc-linux-gnu
ac_cv_c_compiler_gnu=yes
ac_cv_c_const=yes
ac_cv_env_BZIP2_CFLAGS_set=
ac_cv_env_BZIP2_CFLAGS_value=
ac_cv_env_BZIP2_LIBS_set=
ac_cv_env_BZIP2_LIBS_value=
ac_cv_env_CC_set=set
ac_cv_env_CC_value=/home/hah/linux/f1c2000/buildroot-2020.02.4/output/host/bin/arm-buildroot-linux-gnueabi-gcc
ac_cv_env_CFLAGS_set=set
ac_cv_env_CFLAGS_value=-I/home/hah/Downloads/zlib-1.2.11/build/install/include
ac_cv_env_CPPFLAGS_set=
ac_cv_env_CPPFLAGS_value=
ac_cv_env_CPP_set=
ac_cv_env_CPP_value=
ac_cv_env_HARFBUZZ_CFLAGS_set=
ac_cv_env_HARFBUZZ_CFLAGS_value=
ac_cv_env_HARFBUZZ_LIBS_set=
ac_cv_env_HARFBUZZ_LIBS_value=
ac_cv_env_LDFLAGS_set=set
ac_cv_env_LDFLAGS_value=-L/home/hah/Downloads/zlib-1.2.11/build/install/lib
ac_cv_env_LIBPNG_CFLAGS_set=
ac_cv_env_LIBPNG_CFLAGS_value=
ac_cv_env_LIBPNG_LIBS_set=
ac_cv_env_LIBPNG_LIBS_value=
ac_cv_env_LIBS_set=
ac_cv_env_LIBS_value=
ac_cv_env_LT_SYS_LIBRARY_PATH_set=
ac_cv_env_LT_SYS_LIBRARY_PATH_value=
ac_cv_env_PKG_CONFIG_LIBDIR_set=
ac_cv_env_PKG_CONFIG_LIBDIR_value=
ac_cv_env_PKG_CONFIG_PATH_set=set
ac_cv_env_PKG_CONFIG_PATH_value=/home/hah/catkin_ws/devel/lib/pkgconfig:/opt/ros/noetic/lib/pkgconfig
ac_cv_env_PKG_CONFIG_set=
ac_cv_env_PKG_CONFIG_value=
ac_cv_env_ZLIB_CFLAGS_set=
ac_cv_env_ZLIB_CFLAGS_value=
ac_cv_env_ZLIB_LIBS_set=
ac_cv_env_ZLIB_LIBS_value=
ac_cv_env_build_alias_set=
ac_cv_env_build_alias_value=
ac_cv_env_host_alias_set=set
ac_cv_env_host_alias_value=arm-linux-gnueabi
ac_cv_env_target_alias_set=
ac_cv_env_target_alias_value=
ac_cv_func_getpagesize=yes
ac_cv_func_memcpy=yes
ac_cv_func_memmove=yes
ac_cv_func_mmap_fixed_mapped=no
ac_cv_header_dlfcn_h=yes
ac_cv_header_fcntl_h=yes
ac_cv_header_inttypes_h=yes
ac_cv_header_memory_h=yes
ac_cv_header_stdc=yes
ac_cv_header_stdint_h=yes
ac_cv_header_stdlib_h=yes
ac_cv_header_string_h=yes
ac_cv_header_strings_h=yes
ac_cv_header_sys_param_h=yes
ac_cv_header_sys_stat_h=yes
ac_cv_header_sys_types_h=yes
ac_cv_header_unistd_h=yes
ac_cv_host=arm-unknown-linux-gnueabi
ac_cv_objext=o
ac_cv_path_EGREP='/usr/bin/grep -E'
ac_cv_path_FGREP='/usr/bin/grep -F'
ac_cv_path_GREP=/usr/bin/grep
ac_cv_path_SED=/usr/bin/sed
ac_cv_path_ac_pt_PKG_CONFIG=/usr/bin/pkg-config
ac_cv_path_install='/usr/bin/install -c'
ac_cv_path_lt_DD=/usr/bin/dd
ac_cv_path_mkdir=/usr/bin/mkdir
ac_cv_prog_AR=arm-linux-gnueabi-ar
ac_cv_prog_AWK=gawk
ac_cv_prog_CC=/home/hah/linux/f1c2000/buildroot-2020.02.4/output/host/bin/arm-buildroot-linux-gnueabi-gcc
ac_cv_prog_CC_BUILD=gcc
ac_cv_prog_CPP='/home/hah/linux/f1c2000/buildroot-2020.02.4/output/host/bin/arm-buildroot-linux-gnueabi-gcc -E'
ac_cv_prog_OBJDUMP=arm-linux-gnueabi-objdump
ac_cv_prog_RANLIB=arm-linux-gnueabi-ranlib
ac_cv_prog_STRIP=arm-linux-gnueabi-strip
ac_cv_prog_ac_ct_MANIFEST_TOOL=mt
ac_cv_prog_cc_c89=
ac_cv_prog_cc_g=yes
ac_cv_sizeof_int=4
ac_cv_sizeof_long=4
ac_cv_sys_file_offset_bits=64
ac_cv_sys_largefile_CC=no
ac_cv_type_long_long_int=yes
ac_cv_type_unsigned_long_long_int=yes
lt_cv_ar_at_file=@
lt_cv_archive_cmds_need_lc=no
lt_cv_deplibs_check_method=pass_all
lt_cv_file_magic_cmd='$MAGIC_CMD'
lt_cv_file_magic_test_file=
lt_cv_ld_reload_flag=-r
lt_cv_nm_interface='BSD nm'
lt_cv_objdir=.libs
lt_cv_path_LD=/home/hah/linux/f1c2000/buildroot-2020.02.4/output/host/bin/arm-buildroot-linux-gnueabi-ld
lt_cv_path_NM='/usr/bin/arm-linux-gnueabi-nm -B'
lt_cv_path_mainfest_tool=no
lt_cv_prog_compiler_c_o=yes
lt_cv_prog_compiler_pic='-fPIC -DPIC'
lt_cv_prog_compiler_pic_works=yes
lt_cv_prog_compiler_rtti_exceptions=no
lt_cv_prog_compiler_static_works=yes
lt_cv_prog_gnu_ld=yes
lt_cv_sharedlib_from_linklib_cmd='printf %s\n'
lt_cv_shlibpath_overrides_runpath=no
lt_cv_sys_global_symbol_pipe='sed -n -e '\''s/^.*[	 ]\([ABCDGIRSTW][ABCDGIRSTW]*\)[	 ][	 ]*\([_A-Za-z][_A-Za-z0-9]*\)$/\1 \2 \2/p'\'' | sed '\''/ __gnu_lto/d'\'''
lt_cv_sys_global_symbol_to_c_name_address='sed -n -e '\''s/^: \(.*\) .*$/  {"\1", (void *) 0},/p'\'' -e '\''s/^[ABCDGIRSTW][ABCDGIRSTW]* .* \(.*\)$/  {"\1", (void *) \&\1},/p'\'''
lt_cv_sys_global_symbol_to_c_name_address_lib_prefix='sed -n -e '\''s/^: \(.*\) .*$/  {"\1", (void *) 0},/p'\'' -e '\''s/^[ABCDGIRSTW][ABCDGIRSTW]* .* \(lib.*\)$/  {"\1", (void *) \&\1},/p'\'' -e '\''s/^[ABCDGIRSTW][ABCDGIRSTW]* .* \(.*\)$/  {"lib\1", (void *) \&\1},/p'\'''
lt_cv_sys_global_symbol_to_cdecl='sed -n -e '\''s/^T .* \(.*\)$/extern int \1();/p'\'' -e '\''s/^[ABCDGIRSTW][ABCDGIRSTW]* .* \(.*\)$/extern char \1;/p'\'''
lt_cv_sys_global_symbol_to_import=
lt_cv_sys_max_cmd_len=1572864
lt_cv_to_host_file_cmd=func_convert_file_noop
lt_cv_to_tool_file_cmd=func_convert_file_noop
lt_cv_truncate_bin='/usr/bin/dd bs=4096 count=1'
pkg_cv_ZLIB_CFLAGS=
pkg_cv_ZLIB_LIBS=-lz

## ----------------- ##
## Output variables. ##
## ----------------- ##

AR='arm-linux-gnueabi-ar'
AS='as'
AWK='gawk'
BZIP2_CFLAGS=''
BZIP2_LIBS=''
CC='/home/hah/linux/f1c2000/buildroot-2020.02.4/output/host/bin/arm-buildroot-linux-gnueabi-gcc'
CC_BUILD='gcc'
CFLAGS='-I/home/hah/Downloads/zlib-1.2.11/build/install/include  -DFT_CONFIG_OPTION_SYSTEM_ZLIB'
CPP='/home/hah/linux/f1c2000/buildroot-2020.02.4/output/host/bin/arm-buildroot-linux-gnueabi-gcc -E'
CPPFLAGS=''
DEFS='-DHAVE_CONFIG_H'
DLLTOOL='false'
DSYMUTIL=''
DUMPBIN=''
ECHO_C=''
ECHO_N='-n'
ECHO_T=''
EGREP='/usr/bin/grep -E'
EXEEXT=''
EXEEXT_BUILD=''
FGREP='/usr/bin/grep -F'
FTSYS_SRC='$(BASE_DIR)/ftsystem.c'
GREP='/usr/bin/grep'
HARFBUZZ_CFLAGS=''
HARFBUZZ_LIBS=''
INSTALL_DATA='${INSTALL} -m 644'
INSTALL_PROGRAM='${INSTALL}'
INSTALL_SCRIPT='${INSTALL}'
LD='/home/hah/linux/f1c2000/buildroot-2020.02.4/output/host/bin/arm-buildroot-linux-gnueabi-ld'
LDFLAGS='-L/home/hah/Downloads/zlib-1.2.11/build/install/lib -lz'
LIBOBJS=''
LIBPNG_CFLAGS=''
LIBPNG_LIBS=''
LIBS=''
LIBSSTATIC_CONFIG='-lfreetype -lz'
LIBS_PRIVATE=''
LIBTOOL='$(SHELL) $(top_builddir)/libtool'
LIPO=''
LN_S='ln -s'
LTLIBOBJS=''
LT_SYS_LIBRARY_PATH=''
MANIFEST_TOOL=':'
MKDIR_P='/usr/bin/mkdir -p'
NM='/usr/bin/arm-linux-gnueabi-nm -B'
NMEDIT=''
OBJDUMP='arm-linux-gnueabi-objdump'
OBJEXT='o'
OTOOL64=''
OTOOL=''
PACKAGE_BUGREPORT='freetype@nongnu.org'
PACKAGE_NAME='FreeType'
PACKAGE_STRING='FreeType 2.8'
PACKAGE_TARNAME='freetype'
PACKAGE_URL=''
PACKAGE_VERSION='2.8'
PATH_SEPARATOR=':'
PKG_CONFIG='/usr/bin/pkg-config'
PKG_CONFIG_LIBDIR=''
PKG_CONFIG_PATH='/home/hah/catkin_ws/devel/lib/pkgconfig:/opt/ros/noetic/lib/pkgconfig'
RANLIB='arm-linux-gnueabi-ranlib'
REQUIRES_PRIVATE='zlib'
SED='/usr/bin/sed'
SHELL='/bin/bash'
STRIP='arm-linux-gnueabi-strip'
XX_ANSIFLAGS=' -pedantic -ansi'
XX_CFLAGS='-Wall'
ZLIB_CFLAGS=''
ZLIB_LIBS='-lz'
ac_ct_AR=''
ac_ct_CC=''
ac_ct_DUMPBIN=''
bindir='${exec_prefix}/bin'
build='x86_64-pc-linux-gnu'
build_alias=''
build_cpu='x86_64'
build_libtool_libs=''
build_os='linux-gnu'
build_vendor='pc'
datadir='${datarootdir}'
datarootdir='${prefix}/share'
docdir='${datarootdir}/doc/${PACKAGE_TARNAME}'
dvidir='${docdir}'
exec_prefix='${prefix}'
ft_version='20.0.14'
ftmac_c=''
hardcode_libdir_flag_spec='$wl-rpath $wl$libdir'
host='arm-unknown-linux-gnueabi'
host_alias='arm-linux-gnueabi'
host_cpu='arm'
host_os='linux-gnueabi'
host_vendor='unknown'
htmldir='${docdir}'
includedir='${prefix}/include'
infodir='${datarootdir}/info'
libdir='${exec_prefix}/lib'
libexecdir='${exec_prefix}/libexec'
localedir='${datarootdir}/locale'
localstatedir='${prefix}/var'
mandir='${datarootdir}/man'
oldincludedir='/usr/include'
pdfdir='${docdir}'
prefix='/home/hah/Downloads/freetype-2.8/build/install'
program_transform_name='s,x,x,'
psdir='${docdir}'
sbindir='${exec_prefix}/sbin'
sharedstatedir='${prefix}/com'
sysconfdir='${prefix}/etc'
target_alias=''
version_info='20:0:14'
wl='-Wl,'

## ----------- ##
## confdefs.h. ##
## ----------- ##

/* confdefs.h */
#define PACKAGE_NAME "FreeType"
#define PACKAGE_TARNAME "freetype"
#define PACKAGE_VERSION "2.8"
#define PACKAGE_STRING "FreeType 2.8"
#define PACKAGE_BUGREPORT "freetype@nongnu.org"
#define PACKAGE_URL ""
#define STDC_HEADERS 1
#define HAVE_SYS_TYPES_H 1
#define HAVE_SYS_STAT_H 1
#define HAVE_STDLIB_H 1
#define HAVE_STRING_H 1
#define HAVE_MEMORY_H 1
#define HAVE_STRINGS_H 1
#define HAVE_INTTYPES_H 1
#define HAVE_STDINT_H 1
#define HAVE_UNISTD_H 1
#define HAVE_DLFCN_H 1
#define LT_OBJDIR ".libs/"
#define STDC_HEADERS 1
#define HAVE_FCNTL_H 1
#define HAVE_UNISTD_H 1
#define SIZEOF_INT 4
#define SIZEOF_LONG 4
#define HAVE_UNSIGNED_LONG_LONG_INT 1
#define HAVE_LONG_LONG_INT 1
#define _FILE_OFFSET_BITS 64
#define HAVE_STDLIB_H 1
#define HAVE_UNISTD_H 1
#define HAVE_SYS_PARAM_H 1
#define HAVE_GETPAGESIZE 1
#define HAVE_MEMCPY 1
#define HAVE_MEMMOVE 1

configure: exit 0
